<?xml version="1.0" encoding="UTF-8"?>
<!-- Generated by org.testng.reporters.JUnitXMLReporter -->
<testsuite hostname="LAPTOP-FI9DF5LQ" ignored="0" name="Test" tests="4" failures="0" timestamp="2021-06-10T01:58:19 IST" time="0.039" errors="0">
  <testcase name="Sel1" time="0.003" classname="Practice.SeleniumTest"/>
  <testcase name="Sel2" time="0.0" classname="Practice.SeleniumTest"/>
  <testcase name="API1" time="0.0" classname="Practice.RESTAPITest"/>
  <testcase name="API2" time="0.0" classname="Practice.RESTAPITest"/>
</testsuite> <!-- Test -->
